Flow report for DE2_Audio
Mon Jun 09 14:49:07 2014
Quartus II Version 9.1 Build 350 03/24/2010 Service Pack 2 SJ Web Edition


---------------------
; Table of Contents ;
---------------------
  1. Legal Notice
  2. Flow Summary
  3. Flow Settings
  4. Flow Non-Default Global Settings
  5. Flow Elapsed Time
  6. Flow OS Summary
  7. Flow Log



----------------
; Legal Notice ;
----------------
Copyright (C) 1991-2010 Altera Corporation
Your use of Altera Corporation's design tools, logic functions 
and other software and tools, and its AMPP partner logic 
functions, and any output files from any of the foregoing 
(including device programming or simulation files), and any 
associated documentation or information are expressly subject 
to the terms and conditions of the Altera Program License 
Subscription Agreement, Altera MegaCore Function License 
Agreement, or other applicable license agreement, including, 
without limitation, that your use is for the sole purpose of 
programming logic devices manufactured by Altera and sold by 
Altera or its authorized distributors.  Please refer to the 
applicable agreement for further details.



+-----------------------------------------------------------------------------------+
; Flow Summary                                                                      ;
+------------------------------------+----------------------------------------------+
; Flow Status                        ; Successful - Mon Jun 09 14:49:06 2014        ;
; Quartus II Version                 ; 9.1 Build 350 03/24/2010 SP 2 SJ Web Edition ;
; Revision Name                      ; DE2_Audio                                    ;
; Top-level Entity Name              ; DE2_Audio                                    ;
; Family                             ; Cyclone II                                   ;
; Device                             ; EP2C35F672C6                                 ;
; Timing Models                      ; Final                                        ;
; Met timing requirements            ; No                                           ;
; Total logic elements               ; 21,788 / 33,216 ( 66 % )                     ;
;     Total combinational functions  ; 17,466 / 33,216 ( 53 % )                     ;
;     Dedicated logic registers      ; 13,627 / 33,216 ( 41 % )                     ;
; Total registers                    ; 13695                                        ;
; Total pins                         ; 120 / 475 ( 25 % )                           ;
; Total virtual pins                 ; 0                                            ;
; Total memory bits                  ; 387,375 / 483,840 ( 80 % )                   ;
; Embedded Multiplier 9-bit elements ; 53 / 70 ( 76 % )                             ;
; Total PLLs                         ; 2 / 4 ( 50 % )                               ;
+------------------------------------+----------------------------------------------+


+-----------------------------------------+
; Flow Settings                           ;
+-------------------+---------------------+
; Option            ; Setting             ;
+-------------------+---------------------+
; Start date & time ; 06/09/2014 14:37:07 ;
; Main task         ; Compilation         ;
; Revision Name     ; DE2_Audio           ;
+-------------------+---------------------+


+--------------------------------------------------------------------------------------------------------------------+
; Flow Non-Default Global Settings                                                                                   ;
+------------------------------------+--------------------------------+---------------+-------------+----------------+
; Assignment Name                    ; Value                          ; Default Value ; Entity Name ; Section Id     ;
+------------------------------------+--------------------------------+---------------+-------------+----------------+
; COMPILER_SIGNATURE_ID              ; 20358906446174.140229942202376 ; --            ; --          ; --             ;
; IP_TOOL_NAME                       ; ROM: 1-PORT                    ; --            ; --          ; --             ;
; IP_TOOL_NAME                       ; ROM: 1-PORT                    ; --            ; --          ; --             ;
; IP_TOOL_NAME                       ; RAM: 2-PORT                    ; --            ; --          ; --             ;
; IP_TOOL_VERSION                    ; 9.1                            ; --            ; --          ; --             ;
; IP_TOOL_VERSION                    ; 9.1                            ; --            ; --          ; --             ;
; IP_TOOL_VERSION                    ; 9.1                            ; --            ; --          ; --             ;
; MAX_CORE_JUNCTION_TEMP             ; 85                             ; --            ; --          ; --             ;
; MIN_CORE_JUNCTION_TEMP             ; 0                              ; --            ; --          ; --             ;
; MISC_FILE                          ; mem_rom_weight_out_bb.v        ; --            ; --          ; --             ;
; MISC_FILE                          ; mem_rom_weight_middle_bb.v     ; --            ; --          ; --             ;
; MISC_FILE                          ; mem_ram_mfcc_bb.v              ; --            ; --          ; --             ;
; MISC_FILE                          ; mem_ram_mfcc.inc               ; --            ; --          ; --             ;
; PARTITION_COLOR                    ; 16764057                       ; --            ; --          ; Top            ;
; PARTITION_NETLIST_TYPE             ; SOURCE                         ; --            ; --          ; Top            ;
; SOPC_BUILDER_SIGNATURE_ID          ; 001CBF65A9920000014612774948   ; --            ; --          ; --             ;
; USE_GENERATED_PHYSICAL_CONSTRAINTS ; Off                            ; --            ; --          ; eda_blast_fpga ;
+------------------------------------+--------------------------------+---------------+-------------+----------------+


+-----------------------------------------------------------------------------------------------------------------------------+
; Flow Elapsed Time                                                                                                           ;
+-------------------------+--------------+-------------------------+---------------------+------------------------------------+
; Module Name             ; Elapsed Time ; Average Processors Used ; Peak Virtual Memory ; Total CPU Time (on all processors) ;
+-------------------------+--------------+-------------------------+---------------------+------------------------------------+
; Analysis & Synthesis    ; 00:03:49     ; 1.0                     ; 377 MB              ; 00:03:31                           ;
; Fitter                  ; 00:07:21     ; 1.0                     ; 362 MB              ; 00:07:10                           ;
; Assembler               ; 00:00:08     ; 1.0                     ; 255 MB              ; 00:00:07                           ;
; Classic Timing Analyzer ; 00:00:18     ; 1.0                     ; 282 MB              ; 00:00:18                           ;
; Total                   ; 00:11:36     ; --                      ; --                  ; 00:11:06                           ;
+-------------------------+--------------+-------------------------+---------------------+------------------------------------+


+---------------------------------------------------------------------------------------+
; Flow OS Summary                                                                       ;
+-------------------------+------------------+------------+------------+----------------+
; Module Name             ; Machine Hostname ; OS Name    ; OS Version ; Processor type ;
+-------------------------+------------------+------------+------------+----------------+
; Analysis & Synthesis    ; workstation_2    ; Windows XP ; 5.1        ; i686           ;
; Fitter                  ; workstation_2    ; Windows XP ; 5.1        ; i686           ;
; Assembler               ; workstation_2    ; Windows XP ; 5.1        ; i686           ;
; Classic Timing Analyzer ; workstation_2    ; Windows XP ; 5.1        ; i686           ;
+-------------------------+------------------+------------+------------+----------------+


------------
; Flow Log ;
------------
quartus_map --read_settings_files=on --write_settings_files=off DE2_Audio -c DE2_Audio
quartus_fit --read_settings_files=off --write_settings_files=off DE2_Audio -c DE2_Audio
quartus_asm --read_settings_files=off --write_settings_files=off DE2_Audio -c DE2_Audio
quartus_tan --read_settings_files=off --write_settings_files=off DE2_Audio -c DE2_Audio --timing_analysis_only



